<?xml version="1.0" encoding="UTF-8"?>
<!-- Generated by org.testng.reporters.JUnitXMLReporter -->
<testsuite hostname="user-H81M-HD3" name="Test case on Chrome" tests="15" failures="1" timestamp="22 Feb 2018 18:06:32 GMT" time="90.273" errors="0">
  <testcase name="testGoToMainPage" time="8.304" classname="web_eye_care.tests.UserRegistrationTest"/>
  <testcase name="testGoToRegistrationPage" time="17.52" classname="web_eye_care.tests.UserRegistrationTest"/>
  <testcase name="testRegistrationOfNewUser" time="5.727" classname="web_eye_care.tests.UserRegistrationTest"/>
  <testcase name="testSignInOfCreatedUser" time="1.922" classname="web_eye_care.tests.UserRegistrationTest">
    <failure type="java.lang.AssertionError" message="Login page was not opened expected [true] but found [false]">
      <![CDATA[java.lang.AssertionError: Login page was not opened expected [true] but found [false]
	at web_eye_care.tests.UserRegistrationTest.testSignInOfCreatedUser(UserRegistrationTest.java:64)
... Removed 31 stack frames]]>
    </failure>
  </testcase> <!-- testSignInOfCreatedUser -->
  <testcase name="testLetterInInbox" time="0.0" classname="web_eye_care.tests.UserRegistrationTest">
    <skipped/>
  </testcase> <!-- testLetterInInbox -->
  <testcase name="testGoToMainPage" time="5.445" classname="web_eye_care.tests.BuyAsNewUserTest"/>
  <testcase name="testGoToProductCategoryPage" time="2.474" classname="web_eye_care.tests.BuyAsNewUserTest"/>
  <testcase name="testGoToProductPage" time="4.136" classname="web_eye_care.tests.BuyAsNewUserTest"/>
  <testcase name="testAddToCart" time="3.904" classname="web_eye_care.tests.BuyAsNewUserTest"/>
  <testcase name="testProceedToCheckout" time="3.325" classname="web_eye_care.tests.BuyAsNewUserTest"/>
  <testcase name="testGoToMainPage" time="5.383" classname="web_eye_care.tests.BuyAsExistingUserTest"/>
  <testcase name="testGoToProductCategoryPage" time="2.453" classname="web_eye_care.tests.BuyAsExistingUserTest"/>
  <testcase name="testGoToProductPage" time="4.927" classname="web_eye_care.tests.BuyAsExistingUserTest"/>
  <testcase name="testAddToCart" time="4.125" classname="web_eye_care.tests.BuyAsExistingUserTest"/>
  <testcase name="testProceedToCheckout" time="15.633" classname="web_eye_care.tests.BuyAsExistingUserTest"/>
</testsuite> <!-- Test case on Chrome -->
