<?xml version="1.0" encoding="UTF-8"?>
<testng-results skipped="1" failed="1" total="15" passed="13">
  <reporter-output>
  </reporter-output>
  <suite name="Suite1" duration-ms="120840" started-at="2018-02-23T11:28:28Z" finished-at="2018-02-23T11:30:28Z">
    <groups>
    </groups>
    <test name="Test case on Chrome" duration-ms="120840" started-at="2018-02-23T11:28:28Z" finished-at="2018-02-23T11:30:28Z">
      <class name="web_eye_care.tests.UserRegistrationTest">
        <test-method status="PASS" signature="setUp(java.lang.String, java.lang.String, java.lang.String)[pri:0, instance:web_eye_care.tests.UserRegistrationTest@18cc679e]" name="setUp" is-config="true" duration-ms="1433" started-at="2018-02-23T13:28:28Z" finished-at="2018-02-23T13:28:29Z">
          <params>
            <param index="0">
              <value>
                <![CDATA[]]>
              </value>
            </param>
            <param index="1">
              <value>
                <![CDATA[chrome]]>
              </value>
            </param>
            <param index="2">
              <value>
                <![CDATA[src/test/resources/drivers/chromedriver]]>
              </value>
            </param>
          </params>
          <reporter-output>
          </reporter-output>
        </test-method> <!-- setUp -->
        <test-method status="PASS" signature="testGoToMainPage(java.lang.String, java.lang.String, java.lang.String)[pri:0, instance:web_eye_care.tests.UserRegistrationTest@18cc679e]" name="testGoToMainPage" duration-ms="9100" started-at="2018-02-23T13:28:29Z" finished-at="2018-02-23T13:28:38Z">
          <params>
            <param index="0">
              <value>
                <![CDATA[http://www.wecsandbox.com]]>
              </value>
            </param>
            <param index="1">
              <value>
                <![CDATA[test_a8@spam4.me]]>
              </value>
            </param>
            <param index="2">
              <value>
                <![CDATA[https://www.spam4.me/inbox]]>
              </value>
            </param>
          </params>
          <reporter-output>
          </reporter-output>
        </test-method> <!-- testGoToMainPage -->
        <test-method status="PASS" signature="testGoToRegistrationPage(java.lang.String)[pri:0, instance:web_eye_care.tests.UserRegistrationTest@18cc679e]" name="testGoToRegistrationPage" duration-ms="12762" started-at="2018-02-23T13:28:38Z" depends-on-methods="web_eye_care.tests.UserRegistrationTest.testGoToMainPage" finished-at="2018-02-23T13:28:51Z">
          <params>
            <param index="0">
              <value>
                <![CDATA[http://hrqzq.qvfht.servertrust.com/login.asp]]>
              </value>
            </param>
          </params>
          <reporter-output>
          </reporter-output>
        </test-method> <!-- testGoToRegistrationPage -->
        <test-method status="PASS" signature="testRegistrationOfNewUser(java.lang.String, java.lang.String, java.lang.String)[pri:0, instance:web_eye_care.tests.UserRegistrationTest@18cc679e]" name="testRegistrationOfNewUser" duration-ms="4345" started-at="2018-02-23T13:28:51Z" depends-on-methods="web_eye_care.tests.UserRegistrationTest.testGoToRegistrationPage" finished-at="2018-02-23T13:28:55Z">
          <params>
            <param index="0">
              <value>
                <![CDATA[test_a8@spam4.me]]>
              </value>
            </param>
            <param index="1">
              <value>
                <![CDATA[qwerty]]>
              </value>
            </param>
            <param index="2">
              <value>
                <![CDATA[http://hrqzq.qvfht.servertrust.com/myaccount.asp]]>
              </value>
            </param>
          </params>
          <reporter-output>
          </reporter-output>
        </test-method> <!-- testRegistrationOfNewUser -->
        <test-method status="PASS" signature="testSignInOfCreatedUser(java.lang.String, java.lang.String, java.lang.String, java.lang.String)[pri:0, instance:web_eye_care.tests.UserRegistrationTest@18cc679e]" name="testSignInOfCreatedUser" duration-ms="13152" started-at="2018-02-23T13:28:55Z" depends-on-methods="web_eye_care.tests.UserRegistrationTest.testRegistrationOfNewUser" finished-at="2018-02-23T13:29:09Z">
          <params>
            <param index="0">
              <value>
                <![CDATA[test_a8@spam4.me]]>
              </value>
            </param>
            <param index="1">
              <value>
                <![CDATA[qwerty]]>
              </value>
            </param>
            <param index="2">
              <value>
                <![CDATA[http://hrqzq.qvfht.servertrust.com/myaccount.asp]]>
              </value>
            </param>
            <param index="3">
              <value>
                <![CDATA[http://hrqzq.qvfht.servertrust.com/login.asp?logout=yes]]>
              </value>
            </param>
          </params>
          <reporter-output>
          </reporter-output>
        </test-method> <!-- testSignInOfCreatedUser -->
        <test-method status="PASS" signature="testLetterInInbox(java.lang.String)[pri:0, instance:web_eye_care.tests.UserRegistrationTest@18cc679e]" name="testLetterInInbox" duration-ms="30706" started-at="2018-02-23T13:29:09Z" depends-on-methods="web_eye_care.tests.UserRegistrationTest.testSignInOfCreatedUser" finished-at="2018-02-23T13:29:39Z">
          <params>
            <param index="0">
              <value>
                <![CDATA[https://www.spam4.me/inbox]]>
              </value>
            </param>
          </params>
          <reporter-output>
          </reporter-output>
        </test-method> <!-- testLetterInInbox -->
        <test-method status="PASS" signature="tearDown()[pri:0, instance:web_eye_care.tests.UserRegistrationTest@18cc679e]" name="tearDown" is-config="true" duration-ms="75" started-at="2018-02-23T13:29:39Z" finished-at="2018-02-23T13:29:39Z">
          <reporter-output>
          </reporter-output>
        </test-method> <!-- tearDown -->
      </class> <!-- web_eye_care.tests.UserRegistrationTest -->
      <class name="web_eye_care.tests.BuyAsExistingUserTest">
        <test-method status="PASS" signature="setUp(java.lang.String, java.lang.String, java.lang.String)[pri:0, instance:web_eye_care.tests.BuyAsExistingUserTest@2755d705]" name="setUp" is-config="true" duration-ms="657" started-at="2018-02-23T13:29:54Z" finished-at="2018-02-23T13:29:55Z">
          <params>
            <param index="0">
              <value>
                <![CDATA[]]>
              </value>
            </param>
            <param index="1">
              <value>
                <![CDATA[chrome]]>
              </value>
            </param>
            <param index="2">
              <value>
                <![CDATA[src/test/resources/drivers/chromedriver]]>
              </value>
            </param>
          </params>
          <reporter-output>
          </reporter-output>
        </test-method> <!-- setUp -->
        <test-method status="PASS" signature="testGoToMainPage(java.lang.String)[pri:0, instance:web_eye_care.tests.BuyAsExistingUserTest@2755d705]" name="testGoToMainPage" duration-ms="5502" started-at="2018-02-23T13:29:55Z" finished-at="2018-02-23T13:30:00Z">
          <params>
            <param index="0">
              <value>
                <![CDATA[http://www.wecsandbox.com]]>
              </value>
            </param>
          </params>
          <reporter-output>
          </reporter-output>
        </test-method> <!-- testGoToMainPage -->
        <test-method status="PASS" signature="testGoToProductCategoryPage(java.lang.String)[pri:0, instance:web_eye_care.tests.BuyAsExistingUserTest@2755d705]" name="testGoToProductCategoryPage" duration-ms="2194" started-at="2018-02-23T13:30:00Z" depends-on-methods="web_eye_care.tests.BuyAsExistingUserTest.testGoToMainPage" finished-at="2018-02-23T13:30:02Z">
          <params>
            <param index="0">
              <value>
                <![CDATA[http://hrqzq.qvfht.servertrust.com/Acuvue-Disposable-Contact-Lenses-s/157.htm]]>
              </value>
            </param>
          </params>
          <reporter-output>
          </reporter-output>
        </test-method> <!-- testGoToProductCategoryPage -->
        <test-method status="PASS" signature="testGoToProductPage(java.lang.String)[pri:0, instance:web_eye_care.tests.BuyAsExistingUserTest@2755d705]" name="testGoToProductPage" duration-ms="4068" started-at="2018-02-23T13:30:02Z" depends-on-methods="web_eye_care.tests.BuyAsExistingUserTest.testGoToProductCategoryPage" finished-at="2018-02-23T13:30:06Z">
          <params>
            <param index="0">
              <value>
                <![CDATA[http://hrqzq.qvfht.servertrust.com/Acuvue-Oasys-Contacts-p/2308.htm]]>
              </value>
            </param>
          </params>
          <reporter-output>
          </reporter-output>
        </test-method> <!-- testGoToProductPage -->
        <test-method status="PASS" signature="testAddToCart(java.lang.String)[pri:0, instance:web_eye_care.tests.BuyAsExistingUserTest@2755d705]" name="testAddToCart" duration-ms="3803" started-at="2018-02-23T13:30:06Z" depends-on-methods="web_eye_care.tests.BuyAsExistingUserTest.testGoToProductPage" finished-at="2018-02-23T13:30:10Z">
          <params>
            <param index="0">
              <value>
                <![CDATA[http://hrqzq.qvfht.servertrust.com/ShoppingCart.asp]]>
              </value>
            </param>
          </params>
          <reporter-output>
          </reporter-output>
        </test-method> <!-- testAddToCart -->
        <test-method status="PASS" signature="testProceedToCheckout(java.lang.String, java.lang.String, java.lang.String)[pri:0, instance:web_eye_care.tests.BuyAsExistingUserTest@2755d705]" name="testProceedToCheckout" duration-ms="18260" started-at="2018-02-23T13:30:10Z" depends-on-methods="web_eye_care.tests.BuyAsExistingUserTest.testAddToCart" finished-at="2018-02-23T13:30:28Z">
          <params>
            <param index="0">
              <value>
                <![CDATA[test_a1@spam4.me]]>
              </value>
            </param>
            <param index="1">
              <value>
                <![CDATA[qwerty]]>
              </value>
            </param>
            <param index="2">
              <value>
                <![CDATA[http://hrqzq.qvfht.servertrust.com/one-page-checkout.asp]]>
              </value>
            </param>
          </params>
          <reporter-output>
          </reporter-output>
        </test-method> <!-- testProceedToCheckout -->
        <test-method status="PASS" signature="tearDown()[pri:0, instance:web_eye_care.tests.BuyAsExistingUserTest@2755d705]" name="tearDown" is-config="true" duration-ms="74" started-at="2018-02-23T13:30:28Z" finished-at="2018-02-23T13:30:28Z">
          <reporter-output>
          </reporter-output>
        </test-method> <!-- tearDown -->
      </class> <!-- web_eye_care.tests.BuyAsExistingUserTest -->
      <class name="web_eye_care.tests.BuyAsNewUserTest">
        <test-method status="PASS" signature="setUp(java.lang.String, java.lang.String, java.lang.String)[pri:0, instance:web_eye_care.tests.BuyAsNewUserTest@7df587ef]" name="setUp" is-config="true" duration-ms="1198" started-at="2018-02-23T13:29:39Z" finished-at="2018-02-23T13:29:41Z">
          <params>
            <param index="0">
              <value>
                <![CDATA[]]>
              </value>
            </param>
            <param index="1">
              <value>
                <![CDATA[chrome]]>
              </value>
            </param>
            <param index="2">
              <value>
                <![CDATA[src/test/resources/drivers/chromedriver]]>
              </value>
            </param>
          </params>
          <reporter-output>
          </reporter-output>
        </test-method> <!-- setUp -->
        <test-method status="PASS" signature="testGoToMainPage(java.lang.String)[pri:0, instance:web_eye_care.tests.BuyAsNewUserTest@7df587ef]" name="testGoToMainPage" duration-ms="6873" started-at="2018-02-23T13:29:41Z" finished-at="2018-02-23T13:29:47Z">
          <params>
            <param index="0">
              <value>
                <![CDATA[http://www.wecsandbox.com]]>
              </value>
            </param>
          </params>
          <reporter-output>
          </reporter-output>
        </test-method> <!-- testGoToMainPage -->
        <test-method status="PASS" signature="testGoToProductCategoryPage(java.lang.String)[pri:0, instance:web_eye_care.tests.BuyAsNewUserTest@7df587ef]" name="testGoToProductCategoryPage" duration-ms="2604" started-at="2018-02-23T13:29:47Z" depends-on-methods="web_eye_care.tests.BuyAsNewUserTest.testGoToMainPage" finished-at="2018-02-23T13:29:50Z">
          <params>
            <param index="0">
              <value>
                <![CDATA[http://hrqzq.qvfht.servertrust.com/Acuvue-Disposable-Contact-Lenses-s/157.htm]]>
              </value>
            </param>
          </params>
          <reporter-output>
          </reporter-output>
        </test-method> <!-- testGoToProductCategoryPage -->
        <test-method status="PASS" signature="testGoToProductPage(java.lang.String)[pri:0, instance:web_eye_care.tests.BuyAsNewUserTest@7df587ef]" name="testGoToProductPage" duration-ms="3564" started-at="2018-02-23T13:29:50Z" depends-on-methods="web_eye_care.tests.BuyAsNewUserTest.testGoToProductCategoryPage" finished-at="2018-02-23T13:29:54Z">
          <params>
            <param index="0">
              <value>
                <![CDATA[http://hrqzq.qvfht.servertrust.com/Acuvue-Oasys-Contacts-p/2308.htm]]>
              </value>
            </param>
          </params>
          <reporter-output>
          </reporter-output>
        </test-method> <!-- testGoToProductPage -->
        <test-method status="FAIL" signature="testAddToCart(java.lang.String)[pri:0, instance:web_eye_care.tests.BuyAsNewUserTest@7df587ef]" name="testAddToCart" duration-ms="61" started-at="2018-02-23T13:29:54Z" depends-on-methods="web_eye_care.tests.BuyAsNewUserTest.testGoToProductPage" finished-at="2018-02-23T13:29:54Z">
          <params>
            <param index="0">
              <value>
                <![CDATA[http://hrqzq.qvfht.servertrust.com/ShoppingCart.asp]]>
              </value>
            </param>
          </params>
          <exception class="org.openqa.selenium.WebDriverException">
            <message>
              <![CDATA[unknown error: Element <button class="btn m-check m-green">...</button> is not clickable at point (1385, 931). Other element would receive the click: <div class="...-sep">or</div>
  (Session info: chrome=64.0.3282.167)
  (Driver info: chromedriver=2.35.528139 (47ead77cb35ad2a9a83248b292151462a66cd881),platform=Linux 4.13.0-32-generic x86_64) (WARNING: The server did not provide any stacktrace information)
Command duration or timeout: 0 milliseconds
Build info: version: '3.6.0', revision: '6fbf3ec767', time: '2017-09-27T15:28:36.4Z'
System info: host: 'user-H81M-HD3', ip: '127.0.1.1', os.name: 'Linux', os.arch: 'amd64', os.version: '4.13.0-32-generic', java.version: '1.8.0_151'
Driver info: org.openqa.selenium.chrome.ChromeDriver
Capabilities [{mobileEmulationEnabled=false, hasTouchScreen=false, platform=LINUX, acceptSslCerts=false, acceptInsecureCerts=false, webStorageEnabled=true, browserName=chrome, takesScreenshot=true, javascriptEnabled=true, platformName=LINUX, setWindowRect=true, unexpectedAlertBehaviour=, applicationCacheEnabled=false, rotatable=false, networkConnectionEnabled=false, chrome={chromedriverVersion=2.35.528139 (47ead77cb35ad2a9a83248b292151462a66cd881), userDataDir=/tmp/.org.chromium.Chromium.cj6Rvm}, takesHeapSnapshot=true, pageLoadStrategy=normal, unhandledPromptBehavior=, databaseEnabled=false, handlesAlerts=true, version=64.0.3282.167, browserConnectionEnabled=false, nativeEvents=true, locationContextEnabled=true, cssSelectorsEnabled=true}]
Session ID: 380b17bc79c467165904dd81a2ead3c3]]>
            </message>
            <full-stacktrace>
              <![CDATA[org.openqa.selenium.WebDriverException: unknown error: Element <button class="btn m-check m-green">...</button> is not clickable at point (1385, 931). Other element would receive the click: <div class="...-sep">or</div>
  (Session info: chrome=64.0.3282.167)
  (Driver info: chromedriver=2.35.528139 (47ead77cb35ad2a9a83248b292151462a66cd881),platform=Linux 4.13.0-32-generic x86_64) (WARNING: The server did not provide any stacktrace information)
Command duration or timeout: 0 milliseconds
Build info: version: '3.6.0', revision: '6fbf3ec767', time: '2017-09-27T15:28:36.4Z'
System info: host: 'user-H81M-HD3', ip: '127.0.1.1', os.name: 'Linux', os.arch: 'amd64', os.version: '4.13.0-32-generic', java.version: '1.8.0_151'
Driver info: org.openqa.selenium.chrome.ChromeDriver
Capabilities [{mobileEmulationEnabled=false, hasTouchScreen=false, platform=LINUX, acceptSslCerts=false, acceptInsecureCerts=false, webStorageEnabled=true, browserName=chrome, takesScreenshot=true, javascriptEnabled=true, platformName=LINUX, setWindowRect=true, unexpectedAlertBehaviour=, applicationCacheEnabled=false, rotatable=false, networkConnectionEnabled=false, chrome={chromedriverVersion=2.35.528139 (47ead77cb35ad2a9a83248b292151462a66cd881), userDataDir=/tmp/.org.chromium.Chromium.cj6Rvm}, takesHeapSnapshot=true, pageLoadStrategy=normal, unhandledPromptBehavior=, databaseEnabled=false, handlesAlerts=true, version=64.0.3282.167, browserConnectionEnabled=false, nativeEvents=true, locationContextEnabled=true, cssSelectorsEnabled=true}]
Session ID: 380b17bc79c467165904dd81a2ead3c3
	at sun.reflect.NativeConstructorAccessorImpl.newInstance0(Native Method)
	at sun.reflect.NativeConstructorAccessorImpl.newInstance(NativeConstructorAccessorImpl.java:62)
	at sun.reflect.DelegatingConstructorAccessorImpl.newInstance(DelegatingConstructorAccessorImpl.java:45)
	at java.lang.reflect.Constructor.newInstance(Constructor.java:423)
	at org.openqa.selenium.remote.ErrorHandler.createThrowable(ErrorHandler.java:214)
	at org.openqa.selenium.remote.ErrorHandler.throwIfResponseFailed(ErrorHandler.java:166)
	at org.openqa.selenium.remote.http.JsonHttpResponseCodec.reconstructValue(JsonHttpResponseCodec.java:40)
	at org.openqa.selenium.remote.http.AbstractHttpResponseCodec.decode(AbstractHttpResponseCodec.java:82)
	at org.openqa.selenium.remote.http.AbstractHttpResponseCodec.decode(AbstractHttpResponseCodec.java:45)
	at org.openqa.selenium.remote.HttpCommandExecutor.execute(HttpCommandExecutor.java:164)
	at org.openqa.selenium.remote.service.DriverCommandExecutor.execute(DriverCommandExecutor.java:83)
	at org.openqa.selenium.remote.RemoteWebDriver.execute(RemoteWebDriver.java:586)
	at org.openqa.selenium.remote.RemoteWebElement.execute(RemoteWebElement.java:279)
	at org.openqa.selenium.remote.RemoteWebElement.click(RemoteWebElement.java:83)
	at web_eye_care.pages.ProductPage.addToCart_aroundBody2(ProductPage.java:34)
	at web_eye_care.pages.ProductPage$AjcClosure3.run(ProductPage.java:1)
	at org.aspectj.runtime.reflect.JoinPointImpl.proceed(JoinPointImpl.java:149)
	at io.qameta.allure.aspects.StepsAspects.step(StepsAspects.java:46)
	at web_eye_care.pages.ProductPage.addToCart(ProductPage.java:33)
	at web_eye_care.tests.BuyAsNewUserTest.testAddToCart(BuyAsNewUserTest.java:56)
	at sun.reflect.NativeMethodAccessorImpl.invoke0(Native Method)
	at sun.reflect.NativeMethodAccessorImpl.invoke(NativeMethodAccessorImpl.java:62)
	at sun.reflect.DelegatingMethodAccessorImpl.invoke(DelegatingMethodAccessorImpl.java:43)
	at java.lang.reflect.Method.invoke(Method.java:498)
	at org.testng.internal.MethodInvocationHelper.invokeMethod(MethodInvocationHelper.java:86)
	at org.testng.internal.Invoker.invokeMethod(Invoker.java:643)
	at org.testng.internal.Invoker.invokeTestMethod(Invoker.java:820)
	at org.testng.internal.Invoker.invokeTestMethods(Invoker.java:1128)
	at org.testng.internal.TestMethodWorker.invokeTestMethods(TestMethodWorker.java:129)
	at org.testng.internal.TestMethodWorker.run(TestMethodWorker.java:112)
	at org.testng.TestRunner.privateRun(TestRunner.java:782)
	at org.testng.TestRunner.run(TestRunner.java:632)
	at org.testng.SuiteRunner.runTest(SuiteRunner.java:366)
	at org.testng.SuiteRunner.runSequentially(SuiteRunner.java:361)
	at org.testng.SuiteRunner.privateRun(SuiteRunner.java:319)
	at org.testng.SuiteRunner.run(SuiteRunner.java:268)
	at org.testng.SuiteRunnerWorker.runSuite(SuiteRunnerWorker.java:52)
	at org.testng.SuiteRunnerWorker.run(SuiteRunnerWorker.java:86)
	at org.testng.TestNG.runSuitesSequentially(TestNG.java:1244)
	at org.testng.TestNG.runSuitesLocally(TestNG.java:1169)
	at org.testng.TestNG.run(TestNG.java:1064)
	at org.apache.maven.surefire.testng.TestNGExecutor.run(TestNGExecutor.java:283)
	at org.apache.maven.surefire.testng.TestNGXmlTestSuite.execute(TestNGXmlTestSuite.java:75)
	at org.apache.maven.surefire.testng.TestNGProvider.invoke(TestNGProvider.java:120)
	at org.apache.maven.surefire.booter.ForkedBooter.invokeProviderInSameClassLoader(ForkedBooter.java:373)
	at org.apache.maven.surefire.booter.ForkedBooter.runSuitesInProcess(ForkedBooter.java:334)
	at org.apache.maven.surefire.booter.ForkedBooter.execute(ForkedBooter.java:119)
	at org.apache.maven.surefire.booter.ForkedBooter.main(ForkedBooter.java:407)
]]>
            </full-stacktrace>
          </exception> <!-- org.openqa.selenium.WebDriverException -->
          <reporter-output>
          </reporter-output>
        </test-method> <!-- testAddToCart -->
        <test-method status="SKIP" signature="testProceedToCheckout(java.lang.String)[pri:0, instance:web_eye_care.tests.BuyAsNewUserTest@7df587ef]" name="testProceedToCheckout" duration-ms="0" started-at="2018-02-23T13:29:54Z" depends-on-methods="web_eye_care.tests.BuyAsNewUserTest.testAddToCart" finished-at="2018-02-23T13:29:54Z">
          <exception class="java.lang.Throwable">
            <message>
              <![CDATA[Method BuyAsNewUserTest.testProceedToCheckout(java.lang.String)[pri:0, instance:web_eye_care.tests.BuyAsNewUserTest@7df587ef] depends on not successfully finished methods]]>
            </message>
            <full-stacktrace>
              <![CDATA[java.lang.Throwable: Method BuyAsNewUserTest.testProceedToCheckout(java.lang.String)[pri:0, instance:web_eye_care.tests.BuyAsNewUserTest@7df587ef] depends on not successfully finished methods
	at org.testng.internal.Invoker.invokeTestMethods(Invoker.java:1037)
	at org.testng.internal.TestMethodWorker.invokeTestMethods(TestMethodWorker.java:129)
	at org.testng.internal.TestMethodWorker.run(TestMethodWorker.java:112)
	at org.testng.TestRunner.privateRun(TestRunner.java:782)
	at org.testng.TestRunner.run(TestRunner.java:632)
	at org.testng.SuiteRunner.runTest(SuiteRunner.java:366)
	at org.testng.SuiteRunner.runSequentially(SuiteRunner.java:361)
	at org.testng.SuiteRunner.privateRun(SuiteRunner.java:319)
	at org.testng.SuiteRunner.run(SuiteRunner.java:268)
	at org.testng.SuiteRunnerWorker.runSuite(SuiteRunnerWorker.java:52)
	at org.testng.SuiteRunnerWorker.run(SuiteRunnerWorker.java:86)
	at org.testng.TestNG.runSuitesSequentially(TestNG.java:1244)
	at org.testng.TestNG.runSuitesLocally(TestNG.java:1169)
	at org.testng.TestNG.run(TestNG.java:1064)
	at org.apache.maven.surefire.testng.TestNGExecutor.run(TestNGExecutor.java:283)
	at org.apache.maven.surefire.testng.TestNGXmlTestSuite.execute(TestNGXmlTestSuite.java:75)
	at org.apache.maven.surefire.testng.TestNGProvider.invoke(TestNGProvider.java:120)
	at org.apache.maven.surefire.booter.ForkedBooter.invokeProviderInSameClassLoader(ForkedBooter.java:373)
	at org.apache.maven.surefire.booter.ForkedBooter.runSuitesInProcess(ForkedBooter.java:334)
	at org.apache.maven.surefire.booter.ForkedBooter.execute(ForkedBooter.java:119)
	at org.apache.maven.surefire.booter.ForkedBooter.main(ForkedBooter.java:407)
]]>
            </full-stacktrace>
          </exception> <!-- java.lang.Throwable -->
          <reporter-output>
          </reporter-output>
        </test-method> <!-- testProceedToCheckout -->
        <test-method status="PASS" signature="tearDown()[pri:0, instance:web_eye_care.tests.BuyAsNewUserTest@7df587ef]" name="tearDown" is-config="true" duration-ms="70" started-at="2018-02-23T13:29:54Z" finished-at="2018-02-23T13:29:54Z">
          <reporter-output>
          </reporter-output>
        </test-method> <!-- tearDown -->
      </class> <!-- web_eye_care.tests.BuyAsNewUserTest -->
    </test> <!-- Test case on Chrome -->
  </suite> <!-- Suite1 -->
</testng-results>
