-------------------------------------------------------------------------------
Test set: TestSuite
-------------------------------------------------------------------------------
Tests run: 15, Failures: 1, Errors: 0, Skipped: 1, Time elapsed: 91.213 s <<< FAILURE! - in TestSuite
testSignInOfCreatedUser(web_eye_care.tests.UserRegistrationTest)  Time elapsed: 2.118 s  <<< FAILURE!
java.lang.AssertionError: Login page was not opened expected [true] but found [false]
	at web_eye_care.tests.UserRegistrationTest.testSignInOfCreatedUser(UserRegistrationTest.java:64)

