<?xml version="1.0" encoding="UTF-8"?>
<testsuite xmlns:xsi="http://www.w3.org/2001/XMLSchema-instance" xsi:noNamespaceSchemaLocation="https://maven.apache.org/surefire/maven-surefire-plugin/xsd/surefire-test-report.xsd" name="TestSuite" time="121.669" tests="15" errors="0" skipped="1" failures="1">
  <properties>
[...]
</properties>
  <testcase name="testGoToMainPage" classname="web_eye_care.tests.UserRegistrationTest" time="9.1"/>
  <testcase name="testGoToRegistrationPage" classname="web_eye_care.tests.UserRegistrationTest" time="12.762"/>
  <testcase name="testRegistrationOfNewUser" classname="web_eye_care.tests.UserRegistrationTest" time="4.346"/>
  <testcase name="testSignInOfCreatedUser" classname="web_eye_care.tests.UserRegistrationTest" time="13.152"/>
  <testcase name="testLetterInInbox" classname="web_eye_care.tests.UserRegistrationTest" time="30.706"/>
  <testcase name="testGoToMainPage" classname="web_eye_care.tests.BuyAsNewUserTest" time="6.872"/>
  <testcase name="testGoToProductCategoryPage" classname="web_eye_care.tests.BuyAsNewUserTest" time="2.604"/>
  <testcase name="testGoToProductPage" classname="web_eye_care.tests.BuyAsNewUserTest" time="3.561"/>
  <testcase name="testAddToCart" classname="web_eye_care.tests.BuyAsNewUserTest" time="0.242">
    <failure message="unknown error: Element &lt;button class=&quot;btn m-check m-green&quot;&gt;...&lt;/button&gt; is not clickable at point (1385, 931). Other element would receive the click: &lt;div class=&quot;...-sep&quot;&gt;or&lt;/div&gt;&#10;  (Session info: chrome=64.0.3282.167)&#10;  (Driver info: chromedriver=2.35.528139 (47ead77cb35ad2a9a83248b292151462a66cd881),platform=Linux 4.13.0-32-generic x86_64) (WARNING: The server did not provide any stacktrace information)&#10;Command duration or timeout: 0 milliseconds&#10;Build info: version: &apos;3.6.0&apos;, revision: &apos;6fbf3ec767&apos;, time: &apos;2017-09-27T15:28:36.4Z&apos;&#10;System info: host: &apos;user-H81M-HD3&apos;, ip: &apos;127.0.1.1&apos;, os.name: &apos;Linux&apos;, os.arch: &apos;amd64&apos;, os.version: &apos;4.13.0-32-generic&apos;, java.version: &apos;1.8.0_151&apos;&#10;Driver info: org.openqa.selenium.chrome.ChromeDriver&#10;Capabilities [{mobileEmulationEnabled=false, hasTouchScreen=false, platform=LINUX, acceptSslCerts=false, acceptInsecureCerts=false, webStorageEnabled=true, browserName=chrome, takesScreenshot=true, javascriptEnabled=true, platformName=LINUX, setWindowRect=true, unexpectedAlertBehaviour=, applicationCacheEnabled=false, rotatable=false, networkConnectionEnabled=false, chrome={chromedriverVersion=2.35.528139 (47ead77cb35ad2a9a83248b292151462a66cd881), userDataDir=/tmp/.org.chromium.Chromium.cj6Rvm}, takesHeapSnapshot=true, pageLoadStrategy=normal, unhandledPromptBehavior=, databaseEnabled=false, handlesAlerts=true, version=64.0.3282.167, browserConnectionEnabled=false, nativeEvents=true, locationContextEnabled=true, cssSelectorsEnabled=true}]&#10;Session ID: 380b17bc79c467165904dd81a2ead3c3" type="org.openqa.selenium.WebDriverException"><![CDATA[org.openqa.selenium.WebDriverException: 
unknown error: Element <button class="btn m-check m-green">...</button> is not clickable at point (1385, 931). Other element would receive the click: <div class="...-sep">or</div>
  (Session info: chrome=64.0.3282.167)
  (Driver info: chromedriver=2.35.528139 (47ead77cb35ad2a9a83248b292151462a66cd881),platform=Linux 4.13.0-32-generic x86_64) (WARNING: The server did not provide any stacktrace information)
Command duration or timeout: 0 milliseconds
Build info: version: '3.6.0', revision: '6fbf3ec767', time: '2017-09-27T15:28:36.4Z'
System info: host: 'user-H81M-HD3', ip: '127.0.1.1', os.name: 'Linux', os.arch: 'amd64', os.version: '4.13.0-32-generic', java.version: '1.8.0_151'
Driver info: org.openqa.selenium.chrome.ChromeDriver
Capabilities [{mobileEmulationEnabled=false, hasTouchScreen=false, platform=LINUX, acceptSslCerts=false, acceptInsecureCerts=false, webStorageEnabled=true, browserName=chrome, takesScreenshot=true, javascriptEnabled=true, platformName=LINUX, setWindowRect=true, unexpectedAlertBehaviour=, applicationCacheEnabled=false, rotatable=false, networkConnectionEnabled=false, chrome={chromedriverVersion=2.35.528139 (47ead77cb35ad2a9a83248b292151462a66cd881), userDataDir=/tmp/.org.chromium.Chromium.cj6Rvm}, takesHeapSnapshot=true, pageLoadStrategy=normal, unhandledPromptBehavior=, databaseEnabled=false, handlesAlerts=true, version=64.0.3282.167, browserConnectionEnabled=false, nativeEvents=true, locationContextEnabled=true, cssSelectorsEnabled=true}]
Session ID: 380b17bc79c467165904dd81a2ead3c3
	at web_eye_care.tests.BuyAsNewUserTest.testAddToCart(BuyAsNewUserTest.java:56)
]]></failure>
  </testcase>
  <testcase name="testProceedToCheckout" classname="web_eye_care.tests.BuyAsNewUserTest" time="0">
    <skipped message="Method BuyAsNewUserTest.testProceedToCheckout(java.lang.String)[pri:0, instance:web_eye_care.tests.BuyAsNewUserTest@7df587ef] depends on not successfully finished methods"/>
  </testcase>
  <testcase name="testGoToMainPage" classname="web_eye_care.tests.BuyAsExistingUserTest" time="5.503"/>
  <testcase name="testGoToProductCategoryPage" classname="web_eye_care.tests.BuyAsExistingUserTest" time="2.194"/>
  <testcase name="testGoToProductPage" classname="web_eye_care.tests.BuyAsExistingUserTest" time="4.068"/>
  <testcase name="testAddToCart" classname="web_eye_care.tests.BuyAsExistingUserTest" time="3.803"/>
  <testcase name="testProceedToCheckout" classname="web_eye_care.tests.BuyAsExistingUserTest" time="18.26"/>
</testsuite>